<?xml version="1.0" encoding="UTF-8"?>
<!-- Generated by org.testng.reporters.JUnitReportReporter -->
<testsuite skipped="0" hostname="DESKTOP-DFG52C9" name="com.sprint.zohoTest" tests="1" failures="0" timestamp="12 Dec 2018 06:09:32 GMT" time="40.571" errors="0">
  <testcase name="printExcel" time="40.571" classname="com.sprint.zohoTest"/>
</testsuite> <!-- com.sprint.zohoTest -->
